<?xml version="1.0" encoding="UTF-8"?>
<!-- Generated by org.testng.reporters.JUnitReportReporter -->
<testsuite hostname="Prince" failures="0" tests="1" name="com.qa.auto.modules.TestRunner" time="22.149" errors="0" timestamp="2022-11-14T16:28:54 CET" skipped="0">
  <testcase classname="com.qa.auto.modules.TestRunner" name="runScenario" time="22.149"/>
  <system-out/>
</testsuite> <!-- com.qa.auto.modules.TestRunner -->
