<?xml version="1.0" encoding="UTF-8"?>
<!-- Generated by org.testng.reporters.JUnitReportReporter -->
<testsuite hostname="Prince" failures="0" tests="3" name="com.qa.api.test.KnimeTest" time="3.297" errors="0" timestamp="2022-11-12T22:00:02 CET" skipped="0">
  <testcase classname="com.qa.api.test.KnimeTest" name="deleteSpace" time="0.915"/>
  <system-out/>
  <testcase classname="com.qa.api.test.KnimeTest" name="getSpace" time="0.204"/>
  <system-out/>
  <testcase classname="com.qa.api.test.KnimeTest" name="createSpace" time="2.178"/>
  <system-out/>
</testsuite> <!-- com.qa.api.test.KnimeTest -->
